[ezyBuilder.Trace]: 2023/07/26 09:50:34 [BuildPkg] found normal file [/home/nvidia/HYI/project/hyai_sdk_release_v1.0.1_volt_20221216_for_demo-master/Tools/app_root/HYAI_HuoYanAIDemo_20221216141725.lic]
[ezyBuilder.Trace]: 2023/07/26 09:50:34 [BuildPkg] rename file [HuoYanAIDemo/HYAI_HuoYanAIDemo_20221216141725.lic] -> [.ezyBuilder.build.1690336234665380817/f34a5221e5f148ff0613498b68f0a2ab]
[ezyBuilder.Trace]: 2023/07/26 09:50:34 [BuildPkg] found normal file [/home/nvidia/HYI/project/hyai_sdk_release_v1.0.1_volt_20221216_for_demo-master/Tools/app_root/aidemo]
[ezyBuilder.Trace]: 2023/07/26 09:50:34 [BuildPkg] rename file [HuoYanAIDemo/aidemo] -> [.ezyBuilder.build.1690336234665380817/0dbcfd724173a12005782364a68e039b]
[ezyBuilder.Trace]: 2023/07/26 09:50:34 [BuildPkg] found normal file [/home/nvidia/HYI/project/hyai_sdk_release_v1.0.1_volt_20221216_for_demo-master/Tools/app_root/alarm.ini]
[ezyBuilder.Trace]: 2023/07/26 09:50:34 [BuildPkg] rename file [HuoYanAIDemo/alarm.ini] -> [.ezyBuilder.build.1690336234665380817/405a25e8957b8f26532463da3865ddc8]
[ezyBuilder.Trace]: 2023/07/26 09:50:34 [BuildPkg] found work directory [/home/nvidia/HYI/project/hyai_sdk_release_v1.0.1_volt_20221216_for_demo-master/Tools/app_root/lib]
[ezyBuilder.Trace]: 2023/07/26 09:50:34 [BuildPkg] found normal file [/home/nvidia/HYI/project/hyai_sdk_release_v1.0.1_volt_20221216_for_demo-master/Tools/app_root/lib/libcurl.so.4]
[ezyBuilder.Trace]: 2023/07/26 09:50:34 [BuildPkg] rename file [HuoYanAIDemo/lib/libcurl.so.4] -> [.ezyBuilder.build.1690336234665380817/a772ca7d18fbc029b892ec66d656179a]
[ezyBuilder.Trace]: 2023/07/26 09:50:34 [BuildPkg] found normal file [/home/nvidia/HYI/project/hyai_sdk_release_v1.0.1_volt_20221216_for_demo-master/Tools/app_root/lib/libitop_ai.so]
[ezyBuilder.Trace]: 2023/07/26 09:50:34 [BuildPkg] rename file [HuoYanAIDemo/lib/libitop_ai.so] -> [.ezyBuilder.build.1690336234665380817/05b6cb4a2c7749ceb819a34040b8e812]
[ezyBuilder.Trace]: 2023/07/26 09:50:34 [BuildPkg] found normal file [/home/nvidia/HYI/project/hyai_sdk_release_v1.0.1_volt_20221216_for_demo-master/Tools/app_root/lib/libmp4v2.so.2]
[ezyBuilder.Trace]: 2023/07/26 09:50:34 [BuildPkg] rename file [HuoYanAIDemo/lib/libmp4v2.so.2] -> [.ezyBuilder.build.1690336234665380817/6c1161181537f0bbbf94b1b5c3a3fa52]
[ezyBuilder.Trace]: 2023/07/26 09:50:34 [BuildPkg] found normal file [/home/nvidia/HYI/project/hyai_sdk_release_v1.0.1_volt_20221216_for_demo-master/Tools/app_root/lib/librabbitmq.so.4]
[ezyBuilder.Trace]: 2023/07/26 09:50:34 [BuildPkg] rename file [HuoYanAIDemo/lib/librabbitmq.so.4] -> [.ezyBuilder.build.1690336234665380817/9094a19825fb7d7368db18f9bb786fe2]
[ezyBuilder.Trace]: 2023/07/26 09:50:34 [BuildPkg] found work directory [/home/nvidia/HYI/project/hyai_sdk_release_v1.0.1_volt_20221216_for_demo-master/Tools/app_root/model]
[ezyBuilder.Trace]: 2023/07/26 09:50:34 [BuildPkg] found normal file [/home/nvidia/HYI/project/hyai_sdk_release_v1.0.1_volt_20221216_for_demo-master/Tools/app_root/model/Volt_nnie.nnx]
[ezyBuilder.Trace]: 2023/07/26 09:50:34 [BuildPkg] rename file [HuoYanAIDemo/model/Volt_nnie.nnx] -> [.ezyBuilder.build.1690336234665380817/019ec51fddce0c3db2c41d9b6569450d]
[ezyBuilder.Trace]: 2023/07/26 09:50:34 [BuildPkg] found normal file [/home/nvidia/HYI/project/hyai_sdk_release_v1.0.1_volt_20221216_for_demo-master/Tools/app_root/start.sh]
[ezyBuilder.Trace]: 2023/07/26 09:50:34 [BuildPkg] rename file [HuoYanAIDemo/start.sh] -> [.ezyBuilder.build.1690336234665380817/8319d543189e9d49494d3b7bb8f84470]
[ezyBuilder.Trace]: 2023/07/26 09:50:34 [BuildPkg] found work directory [/home/nvidia/HYI/project/hyai_sdk_release_v1.0.1_volt_20221216_for_demo-master/Tools/app_root/voice]
[ezyBuilder.Trace]: 2023/07/26 09:50:34 [BuildPkg] found normal file [/home/nvidia/HYI/project/hyai_sdk_release_v1.0.1_volt_20221216_for_demo-master/Tools/app_root/voice/bag.pcm]
[ezyBuilder.Trace]: 2023/07/26 09:50:34 [BuildPkg] rename file [HuoYanAIDemo/voice/bag.pcm] -> [.ezyBuilder.build.1690336234665380817/9a752bf6690d14e48032aa3270fed738]
[ezyBuilder.Trace]: 2023/07/26 09:50:34 [BuildPkg] found normal file [/home/nvidia/HYI/project/hyai_sdk_release_v1.0.1_volt_20221216_for_demo-master/Tools/app_root/voice/over.pcm]
[ezyBuilder.Trace]: 2023/07/26 09:50:34 [BuildPkg] rename file [HuoYanAIDemo/voice/over.pcm] -> [.ezyBuilder.build.1690336234665380817/46494894492f4b934a02b872bd998b01]
[ezyBuilder.Trace]: 2023/07/26 09:50:34 [BuildPkg] found normal file [/home/nvidia/HYI/project/hyai_sdk_release_v1.0.1_volt_20221216_for_demo-master/Tools/app_root/voice/person.pcm]
[ezyBuilder.Trace]: 2023/07/26 09:50:34 [BuildPkg] rename file [HuoYanAIDemo/voice/person.pcm] -> [.ezyBuilder.build.1690336234665380817/6f3a7be029e877e28ff9b8c491cb6d5f]
[ezyBuilder.Trace]: 2023/07/26 09:50:34 [BuildPkg] found normal file [/home/nvidia/HYI/project/hyai_sdk_release_v1.0.1_volt_20221216_for_demo-master/Tools/app_root/voice/rub.pcm]
[ezyBuilder.Trace]: 2023/07/26 09:50:34 [BuildPkg] rename file [HuoYanAIDemo/voice/rub.pcm] -> [.ezyBuilder.build.1690336234665380817/d3f6f71b82f836a604235e7b5ce2483a]
[ezyBuilder.Trace]: 2023/07/26 09:50:34 [BuildPkg] found work directory [/home/nvidia/HYI/project/hyai_sdk_release_v1.0.1_volt_20221216_for_demo-master/Tools/app_root/web]
[ezyBuilder.Trace]: 2023/07/26 09:50:34 [BuildPkg] found work directory [/home/nvidia/HYI/project/hyai_sdk_release_v1.0.1_volt_20221216_for_demo-master/Tools/app_root/web/bootstrap-3.4.1]
[ezyBuilder.Trace]: 2023/07/26 09:50:34 [BuildPkg] found work directory [/home/nvidia/HYI/project/hyai_sdk_release_v1.0.1_volt_20221216_for_demo-master/Tools/app_root/web/bootstrap-3.4.1/css]
[ezyBuilder.Trace]: 2023/07/26 09:50:34 [BuildPkg] found normal file [/home/nvidia/HYI/project/hyai_sdk_release_v1.0.1_volt_20221216_for_demo-master/Tools/app_root/web/bootstrap-3.4.1/css/bootstrap-theme.css]
[ezyBuilder.Trace]: 2023/07/26 09:50:34 [BuildPkg] rename file [HuoYanAIDemo/web/bootstrap-3.4.1/css/bootstrap-theme.css] -> [.ezyBuilder.build.1690336234665380817/4b7b987a9fa10d6bdc54fbccad710b7a]
[ezyBuilder.Trace]: 2023/07/26 09:50:34 [BuildPkg] found normal file [/home/nvidia/HYI/project/hyai_sdk_release_v1.0.1_volt_20221216_for_demo-master/Tools/app_root/web/bootstrap-3.4.1/css/bootstrap-theme.css.map]
[ezyBuilder.Trace]: 2023/07/26 09:50:34 [BuildPkg] rename file [HuoYanAIDemo/web/bootstrap-3.4.1/css/bootstrap-theme.css.map] -> [.ezyBuilder.build.1690336234665380817/891d485df75d21c870f3567cbae7bc3e]
[ezyBuilder.Trace]: 2023/07/26 09:50:34 [BuildPkg] found normal file [/home/nvidia/HYI/project/hyai_sdk_release_v1.0.1_volt_20221216_for_demo-master/Tools/app_root/web/bootstrap-3.4.1/css/bootstrap-theme.min.css]
[ezyBuilder.Trace]: 2023/07/26 09:50:34 [BuildPkg] rename file [HuoYanAIDemo/web/bootstrap-3.4.1/css/bootstrap-theme.min.css] -> [.ezyBuilder.build.1690336234665380817/8d7a77b737ae53cc43a6cc4e8684e407]
[ezyBuilder.Trace]: 2023/07/26 09:50:34 [BuildPkg] found normal file [/home/nvidia/HYI/project/hyai_sdk_release_v1.0.1_volt_20221216_for_demo-master/Tools/app_root/web/bootstrap-3.4.1/css/bootstrap-theme.min.css.map]
[ezyBuilder.Trace]: 2023/07/26 09:50:34 [BuildPkg] rename file [HuoYanAIDemo/web/bootstrap-3.4.1/css/bootstrap-theme.min.css.map] -> [.ezyBuilder.build.1690336234665380817/764e93f3c611f62d52e2636e3d114896]
[ezyBuilder.Trace]: 2023/07/26 09:50:34 [BuildPkg] found normal file [/home/nvidia/HYI/project/hyai_sdk_release_v1.0.1_volt_20221216_for_demo-master/Tools/app_root/web/bootstrap-3.4.1/css/bootstrap.css]
[ezyBuilder.Trace]: 2023/07/26 09:50:34 [BuildPkg] rename file [HuoYanAIDemo/web/bootstrap-3.4.1/css/bootstrap.css] -> [.ezyBuilder.build.1690336234665380817/7e4ce19abf5dd8cafa77a076f781253c]
[ezyBuilder.Trace]: 2023/07/26 09:50:34 [BuildPkg] found normal file [/home/nvidia/HYI/project/hyai_sdk_release_v1.0.1_volt_20221216_for_demo-master/Tools/app_root/web/bootstrap-3.4.1/css/bootstrap.css.map]
[ezyBuilder.Trace]: 2023/07/26 09:50:34 [BuildPkg] rename file [HuoYanAIDemo/web/bootstrap-3.4.1/css/bootstrap.css.map] -> [.ezyBuilder.build.1690336234665380817/2e720791cf59542b150f9d73972de799]
[ezyBuilder.Trace]: 2023/07/26 09:50:34 [BuildPkg] found normal file [/home/nvidia/HYI/project/hyai_sdk_release_v1.0.1_volt_20221216_for_demo-master/Tools/app_root/web/bootstrap-3.4.1/css/bootstrap.min.css]
[ezyBuilder.Trace]: 2023/07/26 09:50:34 [BuildPkg] rename file [HuoYanAIDemo/web/bootstrap-3.4.1/css/bootstrap.min.css] -> [.ezyBuilder.build.1690336234665380817/9664fa0e96d4e51129ef9cf93f5f89aa]
[ezyBuilder.Trace]: 2023/07/26 09:50:34 [BuildPkg] found normal file [/home/nvidia/HYI/project/hyai_sdk_release_v1.0.1_volt_20221216_for_demo-master/Tools/app_root/web/bootstrap-3.4.1/css/bootstrap.min.css.map]
[ezyBuilder.Trace]: 2023/07/26 09:50:34 [BuildPkg] rename file [HuoYanAIDemo/web/bootstrap-3.4.1/css/bootstrap.min.css.map] -> [.ezyBuilder.build.1690336234665380817/ccda8ad440e3666c11f1287bba2c9bb4]
[ezyBuilder.Trace]: 2023/07/26 09:50:34 [BuildPkg] found work directory [/home/nvidia/HYI/project/hyai_sdk_release_v1.0.1_volt_20221216_for_demo-master/Tools/app_root/web/bootstrap-3.4.1/fonts]
[ezyBuilder.Trace]: 2023/07/26 09:50:34 [BuildPkg] found normal file [/home/nvidia/HYI/project/hyai_sdk_release_v1.0.1_volt_20221216_for_demo-master/Tools/app_root/web/bootstrap-3.4.1/fonts/glyphicons-halflings-regular.eot]
[ezyBuilder.Trace]: 2023/07/26 09:50:34 [BuildPkg] rename file [HuoYanAIDemo/web/bootstrap-3.4.1/fonts/glyphicons-halflings-regular.eot] -> [.ezyBuilder.build.1690336234665380817/4c6948e7515977b9458fac1a69861fda]
[ezyBuilder.Trace]: 2023/07/26 09:50:34 [BuildPkg] found normal file [/home/nvidia/HYI/project/hyai_sdk_release_v1.0.1_volt_20221216_for_demo-master/Tools/app_root/web/bootstrap-3.4.1/fonts/glyphicons-halflings-regular.svg]
[ezyBuilder.Trace]: 2023/07/26 09:50:34 [BuildPkg] rename file [HuoYanAIDemo/web/bootstrap-3.4.1/fonts/glyphicons-halflings-regular.svg] -> [.ezyBuilder.build.1690336234665380817/c3cdf39c17c443ac05c1eadd7a529d4c]
[ezyBuilder.Trace]: 2023/07/26 09:50:34 [BuildPkg] found normal file [/home/nvidia/HYI/project/hyai_sdk_release_v1.0.1_volt_20221216_for_demo-master/Tools/app_root/web/bootstrap-3.4.1/fonts/glyphicons-halflings-regular.ttf]
[ezyBuilder.Trace]: 2023/07/26 09:50:34 [BuildPkg] rename file [HuoYanAIDemo/web/bootstrap-3.4.1/fonts/glyphicons-halflings-regular.ttf] -> [.ezyBuilder.build.1690336234665380817/881560314530bcfeb23fb96b2750f090]
[ezyBuilder.Trace]: 2023/07/26 09:50:34 [BuildPkg] found normal file [/home/nvidia/HYI/project/hyai_sdk_release_v1.0.1_volt_20221216_for_demo-master/Tools/app_root/web/bootstrap-3.4.1/fonts/glyphicons-halflings-regular.woff]
[ezyBuilder.Trace]: 2023/07/26 09:50:34 [BuildPkg] rename file [HuoYanAIDemo/web/bootstrap-3.4.1/fonts/glyphicons-halflings-regular.woff] -> [.ezyBuilder.build.1690336234665380817/4b2ece8c6b2142999e57a0c0ebd39aaa]
[ezyBuilder.Trace]: 2023/07/26 09:50:34 [BuildPkg] found normal file [/home/nvidia/HYI/project/hyai_sdk_release_v1.0.1_volt_20221216_for_demo-master/Tools/app_root/web/bootstrap-3.4.1/fonts/glyphicons-halflings-regular.woff2]
[ezyBuilder.Trace]: 2023/07/26 09:50:34 [BuildPkg] rename file [HuoYanAIDemo/web/bootstrap-3.4.1/fonts/glyphicons-halflings-regular.woff2] -> [.ezyBuilder.build.1690336234665380817/8bd9ac3409ea8729293824e7776d7e31]
[ezyBuilder.Trace]: 2023/07/26 09:50:34 [BuildPkg] found work directory [/home/nvidia/HYI/project/hyai_sdk_release_v1.0.1_volt_20221216_for_demo-master/Tools/app_root/web/bootstrap-3.4.1/js]
[ezyBuilder.Trace]: 2023/07/26 09:50:34 [BuildPkg] found normal file [/home/nvidia/HYI/project/hyai_sdk_release_v1.0.1_volt_20221216_for_demo-master/Tools/app_root/web/bootstrap-3.4.1/js/bootstrap.js]
[ezyBuilder.Trace]: 2023/07/26 09:50:34 [BuildPkg] rename file [HuoYanAIDemo/web/bootstrap-3.4.1/js/bootstrap.js] -> [.ezyBuilder.build.1690336234665380817/a3009b27d7081cf71f993a7cc3d6b7e2]
[ezyBuilder.Trace]: 2023/07/26 09:50:34 [BuildPkg] found normal file [/home/nvidia/HYI/project/hyai_sdk_release_v1.0.1_volt_20221216_for_demo-master/Tools/app_root/web/bootstrap-3.4.1/js/bootstrap.min.js]
[ezyBuilder.Trace]: 2023/07/26 09:50:34 [BuildPkg] rename file [HuoYanAIDemo/web/bootstrap-3.4.1/js/bootstrap.min.js] -> [.ezyBuilder.build.1690336234665380817/f02362850adfea7ba31cb112479ee4d8]
[ezyBuilder.Trace]: 2023/07/26 09:50:34 [BuildPkg] found normal file [/home/nvidia/HYI/project/hyai_sdk_release_v1.0.1_volt_20221216_for_demo-master/Tools/app_root/web/bootstrap-3.4.1/js/npm.js]
[ezyBuilder.Trace]: 2023/07/26 09:50:34 [BuildPkg] rename file [HuoYanAIDemo/web/bootstrap-3.4.1/js/npm.js] -> [.ezyBuilder.build.1690336234665380817/91b26727f866b6840a0c89683273ed18]
[ezyBuilder.Trace]: 2023/07/26 09:50:34 [BuildPkg] found normal file [/home/nvidia/HYI/project/hyai_sdk_release_v1.0.1_volt_20221216_for_demo-master/Tools/app_root/web/index.html]
[ezyBuilder.Trace]: 2023/07/26 09:50:34 [BuildPkg] rename file [HuoYanAIDemo/web/index.html] -> [.ezyBuilder.build.1690336234665380817/992e6925b2d9855cae1bc058709d6cb2]
[ezyBuilder.Trace]: 2023/07/26 09:50:34 [BuildPkg] found normal file [/home/nvidia/HYI/project/hyai_sdk_release_v1.0.1_volt_20221216_for_demo-master/Tools/app_root/web/index.js]
[ezyBuilder.Trace]: 2023/07/26 09:50:34 [BuildPkg] rename file [HuoYanAIDemo/web/index.js] -> [.ezyBuilder.build.1690336234665380817/31ca2ea411f7344ffe5d23eca2846fcc]
[ezyBuilder.Trace]: 2023/07/26 09:50:34 [BuildPkg] found normal file [/home/nvidia/HYI/project/hyai_sdk_release_v1.0.1_volt_20221216_for_demo-master/Tools/app_root/web/index1.html]
[ezyBuilder.Trace]: 2023/07/26 09:50:34 [BuildPkg] rename file [HuoYanAIDemo/web/index1.html] -> [.ezyBuilder.build.1690336234665380817/bbe6c0667eacb6fd2ee7a8342003044e]
[ezyBuilder.Trace]: 2023/07/26 09:50:34 [BuildPkg] found normal file [/home/nvidia/HYI/project/hyai_sdk_release_v1.0.1_volt_20221216_for_demo-master/Tools/app_root/web/index2.js]
[ezyBuilder.Trace]: 2023/07/26 09:50:34 [BuildPkg] rename file [HuoYanAIDemo/web/index2.js] -> [.ezyBuilder.build.1690336234665380817/608d2dcc00461e51bac5e2232b14cfed]
[ezyBuilder.Trace]: 2023/07/26 09:50:34 [BuildPkg] found normal file [/home/nvidia/HYI/project/hyai_sdk_release_v1.0.1_volt_20221216_for_demo-master/Tools/app_root/web/jquery.js]
[ezyBuilder.Trace]: 2023/07/26 09:50:34 [BuildPkg] rename file [HuoYanAIDemo/web/jquery.js] -> [.ezyBuilder.build.1690336234665380817/8bf1e39ba2c18a60ef7c30d3285a2fe9]
[ezyBuilder.Trace]: 2023/07/26 09:50:34 .ezyBuilder.build.1690336234665380817/0dbcfd724173a12005782364a68e039b Elf Type: ELFCLASS32 EM_ARM ET_EXEC
[ezyBuilder.Trace]: 2023/07/26 09:50:34 .ezyBuilder.build.1690336234665380817/0dbcfd724173a12005782364a68e039b Elf Type: ELFCLASS32 EM_ARM ET_EXEC
